<?xml version="1.0" encoding="UTF-8"?>
<testng-results skipped="0" failed="0" total="1" passed="1">
  <reporter-output>
  </reporter-output>
  <suite name="Suite" duration-ms="17114" started-at="2017-05-10T13:23:34Z" finished-at="2017-05-10T13:23:51Z">
    <groups>
    </groups>
    <test name="Test" duration-ms="17114" started-at="2017-05-10T13:23:34Z" finished-at="2017-05-10T13:23:51Z">
      <class name="com.nttdata.test.NewTest">
        <test-method status="PASS" signature="AddBook()[pri:0, instance:com.nttdata.test.NewTest@18a00e3]" name="AddBook" duration-ms="17098" started-at="2017-05-10T18:53:34Z" finished-at="2017-05-10T18:53:51Z">
          <reporter-output>
          </reporter-output>
        </test-method> <!-- AddBook -->
      </class> <!-- com.nttdata.test.NewTest -->
    </test> <!-- Test -->
  </suite> <!-- Suite -->
</testng-results>
