<?xml version="1.0" encoding="UTF-8"?>
<testng-results skipped="0" failed="0" total="1" passed="1">
  <reporter-output>
  </reporter-output>
  <suite name="Suite" duration-ms="4577" started-at="2017-05-10T09:36:40Z" finished-at="2017-05-10T09:36:44Z">
    <groups>
    </groups>
    <test name="Test" duration-ms="4577" started-at="2017-05-10T09:36:40Z" finished-at="2017-05-10T09:36:44Z">
      <class name="com.nttdata.test.NewTest">
        <test-method status="PASS" signature="AddBook()[pri:0, instance:com.nttdata.test.NewTest@c4c815]" name="AddBook" duration-ms="4558" started-at="2017-05-10T15:06:40Z" finished-at="2017-05-10T15:06:44Z">
          <reporter-output>
          </reporter-output>
        </test-method> <!-- AddBook -->
      </class> <!-- com.nttdata.test.NewTest -->
    </test> <!-- Test -->
  </suite> <!-- Suite -->
</testng-results>
